Added Pin To Net: NetName=+5 Pin=J?-1
Added Pin To Net: NetName=+5 Pin=J?-1
Added Pin To Net: NetName=GND Pin=J?-1
Added Pin To Net: NetName=GND Pin=J?-1
Added Pin To Net: NetName=GND Pin=J?-1
Added Pin To Net: NetName=GND Pin=J?-1
Added Pin To Net: NetName=GND Pin=J?-1
Added Pin To Net: NetName=GND Pin=J?-1
Added Pin To Net: NetName=OUTPUT2 Pin=J?-1
Added Pin To Net: NetName=SDA Pin=J?-1
Added Pin To Net: NetName=SDA Pin=J?-1
Change Net Name : Old Net Name=4.2V New Net Name=NetJ?_1
Add Net: Net with name "NetC?_1" already exists
Added Member To Class: ClassName=Sheet1 Member=Component C? 22pF
Added Member To Class: ClassName=Sheet1 Member=Component J? PAD2 1.02X1.57MM
Added Member To Class: ClassName=Sheet1 Member=Component J? PAD2 1.02X1.57MM
Added Member To Class: ClassName=Sheet1 Member=Component J? PAD2 1.02X1.57MM
Added Member To Class: ClassName=Sheet1 Member=Component J? PAD2 1.02X1.57MM
Added Member To Class: ClassName=Sheet1 Member=Component J? PAD4 1.02X1.57MM
Added Member To Class: ClassName=Sheet1 Member=Component J? PAD4 1.02X1.57MM
Added Member To Class: ClassName=Sheet1 Member=Component R? 1k
Added Member To Class: ClassName=Sheet1 Member=Component R? 1k
Added Member To Class: ClassName=Sheet1 Member=Component SW? B3F-4000
Added Member To Class: ClassName=Sheet1 Member=Component SW? B3F-4000
Added Member To Class: ClassName=Sheet1 Member=Component U? ATMEGA328-PU
